
> @audira/web@0.1.0 build F:\AUDIRA-CLIP-AI\apps\web
> next build

▲ Next.js 16.2.7 (Turbopack)
- Environments: .env.local, .env

  Creating an optimized production build ...
✓ Compiled successfully in 4.5s
  Running TypeScript ...
  Finished TypeScript in 8.4s ...
  Collecting page data using 13 workers ...
  Generating static pages using 13 workers (0/11) ...
Failed to fetch stats: Error: Dynamic server usage: Route / couldn't be rendered statically because it used revalidate: 0 fetch http://localhost:3001/video/stats?userId=afc0b322-bb98-47b0-9879-e4ffc8361a80&workspaceId=f7e53531-8f05-418a-9869-931cf994183a /. See more info here: https://nextjs.org/docs/messages/dynamic-server-error
    at v (F:\AUDIRA-CLIP-AI\apps\web\.next\server\chunks\ssr\[root-of-the-server]__0suhzlv._.js:8:77607)
    at <unknown> (F:\AUDIRA-CLIP-AI\apps\web\.next\server\chunks\ssr\[root-of-the-server]__0suhzlv._.js:17:13441)
    at <unknown> (F:\AUDIRA-CLIP-AI\apps\web\.next\server\chunks\ssr\[root-of-the-server]__0suhzlv._.js:1:6637)
    at <unknown> (F:\AUDIRA-CLIP-AI\apps\web\.next\server\chunks\ssr\[root-of-the-server]__0suhzlv._.js:1:6165) {
  description: "Route / couldn't be rendered statically because it used revalidate: 0 fetch http://localhost:3001/video/stats?userId=afc0b322-bb98-47b0-9879-e4ffc8361a80&workspaceId=f7e53531-8f05-418a-9869-931cf994183a /. See more info here: https://nextjs.org/docs/messages/dynamic-server-error",
  digest: 'DYNAMIC_SERVER_USAGE'
}
prisma:query SELECT "public"."Video"."id", "public"."Video"."title", "public"."Video"."url", "public"."Video"."duration", "public"."Video"."status"::text, "public"."Video"."progress", "public"."Video"."statusMessage", "public"."Video"."userId", "public"."Video"."workspaceId", "public"."Video"."tags", "public"."Video"."createdAt", "public"."Video"."updatedAt" FROM "public"."Video" WHERE 1=1 ORDER BY "public"."Video"."createdAt" DESC OFFSET $1
prisma:query SELECT "public"."Clip"."id", "public"."Clip"."videoId", "public"."Clip"."title", "public"."Clip"."url", "public"."Clip"."thumbnailUrl", "public"."Clip"."duration", "public"."Clip"."startTime", "public"."Clip"."score", "public"."Clip"."aspectRatio", "public"."Clip"."platform", "public"."Clip"."createdAt", "public"."Clip"."updatedAt" FROM "public"."Clip" WHERE "public"."Clip"."videoId" IN ($1) OFFSET $2
  Generating static pages using 13 workers (2/11) 
  Generating static pages using 13 workers (5/11) 
  Generating static pages using 13 workers (8/11) 
prisma:query SELECT "public"."Video"."id", "public"."Video"."title", "public"."Video"."url", "public"."Video"."duration", "public"."Video"."status"::text, "public"."Video"."progress", "public"."Video"."statusMessage", "public"."Video"."userId", "public"."Video"."workspaceId", "public"."Video"."tags", "public"."Video"."createdAt", "public"."Video"."updatedAt" FROM "public"."Video" WHERE 1=1 ORDER BY "public"."Video"."createdAt" DESC LIMIT $1 OFFSET $2
prisma:query SELECT "public"."Video"."id", "public"."Video"."title", "public"."Video"."url", "public"."Video"."duration", "public"."Video"."status"::text, "public"."Video"."progress", "public"."Video"."statusMessage", "public"."Video"."userId", "public"."Video"."workspaceId", "public"."Video"."tags", "public"."Video"."createdAt", "public"."Video"."updatedAt" FROM "public"."Video" WHERE "public"."Video"."status" IN (CAST($1::text AS "public"."VideoStatus"),CAST($2::text AS "public"."VideoStatus")) ORDER BY "public"."Video"."createdAt" DESC LIMIT $3 OFFSET $4
✓ Generating static pages using 13 workers (11/11) in 1334ms
  Finalizing page optimization ...

Route (app)
┌ ƒ /
├ ○ /_not-found
├ ○ /clipper
├ ƒ /clipper/[id]
├ ƒ /editor
├ ○ /library
├ ○ /renders
├ ○ /settings
├ ○ /subtitles
└ ○ /upload


○  (Static)   prerendered as static content
ƒ  (Dynamic)  server-rendered on demand

